Makefile
README.md
dsh
dsh.cpp
dsh.h
helper.cpp
history_test.txt
logs
output.log
parse.cpp
~
Note: the output is written in logs/81.log
~
#Sending job 'ping google.com ' to foreground
~
PING google.com (172.217.2.110) 56(84) bytes of data.

--- google.com ping statistics ---
4 packets transmitted, 0 received, 100% packet loss, time 3086ms

~
[3J[H[2J~
Note: the output is written in logs/83.log
~
Makefile
README.md
dsh
dsh.cpp
dsh.h
helper.cpp
history_test.txt
logs
output.log
parse.cpp
~
[3J[H[2J~
Note: the output is written in logs/86.log
~
 bg  Running        ping google.com 
~
 bg  Running        ping google.com 
~
#Sending job 'ping google.com ' to foreground
~
PING google.com (172.217.2.110) 56(84) bytes of data.

--- google.com ping statistics ---
9 packets transmitted, 0 received, 100% packet loss, time 8196ms

~
[3J[H[2J~
Makefile
README.md
dsh
dsh.cpp
dsh.h
helper.cpp
history_test.txt
logs
output.log
parse.cpp
~
[3J[H[2J~
Makefile
README.md
dsh
dsh.cpp
dsh.h
helper.cpp
history_test.txt
logs
output.log
parse.cpp
~
[3J[H[2J~
#Sending job 'ping google.com ' to foreground
~
PING google.com (172.217.2.110) 56(84) bytes of data.

--- google.com ping statistics ---
40 packets transmitted, 0 received, 100% packet loss, time 39870ms

~
[3J[H[2J~
Note: the output is written in logs/93.log
~
 bg  Running        ping google.com 
~
#Sending job 'ping google.com ' to foreground
~
[1]    Stopped     
~
ping: Command not found.
~
[1]    Stopped     
~
[1]    Stopped     
~
[3J[H[2J~
Makefile
README.md
dsh
dsh.cpp
dsh.h
helper.cpp
history_test.txt
logs
output.log
parse.cpp
~
[1]    Stopped     
~
#Sending job 'ping google.com ' to foreground
~
PING google.com (172.217.2.110) 56(84) bytes of data.

--- google.com ping statistics ---
55 packets transmitted, 0 received, 100% packet loss, time 203302ms

~
[3J[H[2J~
Makefile
README.md
dsh
dsh.cpp
dsh.h
helper.cpp
history_test.txt
logs
output.log
parse.cpp
~
[3J[H[2J~
Note: the output is written in logs/99.log
~
 bg  Running        ls 
~
#Sending job 'ls ' to foreground
~
Makefile
README.md
dsh
dsh.cpp
dsh.h
helper.cpp
history_test.txt
logs
output.log
parse.cpp
~
[3J[H[2J~
[1]    Stopped     
~
ping: Command not found.
~
#Sending job 'ping google.com' to foreground
~
PING google.com (172.217.2.110) 56(84) bytes of data.

--- google.com ping statistics ---
6 packets transmitted, 0 received, 100% packet loss, time 12272ms

~
[3J[H[2J~
PING google.com (172.217.2.110) 56(84) bytes of data.

--- google.com ping statistics ---
3 packets transmitted, 0 received, 100% packet loss, time 2079ms

~
[1]    Stopped     
~
ping: Command not found.
~
#Sending job 'ping google.com' to background
~
 bg  Running        ping google.com
~
#Sending job 'ping google.com' to foreground
~
PING google.com (172.217.2.110) 56(84) bytes of data.

--- google.com ping statistics ---
53 packets transmitted, 0 received, 100% packet loss, time 66636ms

~
[3J[H[2J~
Note: the output is written in logs/106.log
~
 bg  Running        ping google.com 
~
kill: Command not found.
~
stop: Command not found.
~
#Sending job 'ping google.com ' to foreground
~
PING google.com (172.217.2.110) 56(84) bytes of data.

--- google.com ping statistics ---
17 packets transmitted, 0 received, 100% packet loss, time 16413ms

~
[3J[H[2J~
